<?xml version="1.0" encoding="UTF-8"?>
<!-- Generated by org.testng.reporters.JUnitReportReporter -->
<testsuite hostname="ADDA074" failures="0" tests="1" name="Gridtest.Node2" time="4.147" errors="0" timestamp="06 Sep 2018 15:12:33 GMT" skipped="0">
  <testcase classname="Gridtest.Node2" name="f" time="4.147"/>
</testsuite> <!-- Gridtest.Node2 -->
