<?xml version="1.0" encoding="UTF-8"?>
<!-- Generated by org.testng.reporters.JUnitReportReporter -->
<testsuite hostname="ADDA074" failures="0" tests="1" name="Gridtest.Node1" time="3.913" errors="0" timestamp="06 Sep 2018 15:12:33 GMT" skipped="0">
  <testcase classname="Gridtest.Node1" name="f" time="3.913"/>
</testsuite> <!-- Gridtest.Node1 -->
